<?xml version="1.0" encoding="UTF-8"?>
<!-- Generated by org.testng.reporters.JUnitXMLReporter -->
<testsuite ignored="0" hostname="ITL-LT-DL-REF-84-R0916838" failures="3" tests="15" name="Default test" time="9.36" errors="0" timestamp="2024-11-20T16:53:04 IST">
  <testcase classname="com.rjio.accelator.ActionWrappers" name="@AfterTest extentReportEnd" time="-1.732101784173E9">
    <failure type="org.testng.TestNGException" message="
Parameter &amp;apos;ZIPRequired&amp;apos; is required by AfterTest on method extentReportEnd but has not been marked @Optional or defined
in C:\Users\Intense\AppData\Local\Temp\testng-eclipse--1070552889\testng-customsuite.xml">
      <![CDATA[org.testng.TestNGException: 
Parameter 'ZIPRequired' is required by AfterTest on method extentReportEnd but has not been marked @Optional or defined
in C:\Users\Intense\AppData\Local\Temp\testng-eclipse--1070552889\testng-customsuite.xml
at org.testng.internal.Parameters.createParams(Parameters.java:267)
at org.testng.internal.Parameters.createParametersForMethod(Parameters.java:355)
at org.testng.internal.Parameters.createParameters(Parameters.java:684)
at org.testng.internal.Parameters.createConfigurationParameters(Parameters.java:166)
at org.testng.internal.invokers.ConfigInvoker.invokeConfigurations(ConfigInvoker.java:306)
at org.testng.TestRunner.invokeTestConfigurations(TestRunner.java:663)
at org.testng.TestRunner.afterRun(TestRunner.java:933)
at org.testng.TestRunner.run(TestRunner.java:624)
at org.testng.SuiteRunner.runTest(SuiteRunner.java:443)
at org.testng.SuiteRunner.runSequentially(SuiteRunner.java:437)
at org.testng.SuiteRunner.privateRun(SuiteRunner.java:397)
at org.testng.SuiteRunner.run(SuiteRunner.java:336)
at org.testng.SuiteRunnerWorker.runSuite(SuiteRunnerWorker.java:52)
at org.testng.SuiteRunnerWorker.run(SuiteRunnerWorker.java:95)
at org.testng.TestNG.runSuitesSequentially(TestNG.java:1280)
at org.testng.TestNG.runSuitesLocally(TestNG.java:1200)
at org.testng.TestNG.runSuites(TestNG.java:1114)
at org.testng.TestNG.run(TestNG.java:1082)
at org.testng.remote.AbstractRemoteTestNG.run(AbstractRemoteTestNG.java:115)
at org.testng.remote.RemoteTestNG.initAndRun(RemoteTestNG.java:251)
at org.testng.remote.RemoteTestNG.main(RemoteTestNG.java:77)
]]>
    </failure>
  </testcase> <!-- @AfterTest extentReportEnd -->
  <testcase classname="com.rjio.testcases.AlertsAccountsTestcase" name="createSMSAccount" time="0.0">
    <failure type="org.testng.TestNGException" message="
Parameter &amp;apos;accountTypeSms&amp;apos; is required by @Test on method createSMSAccount but has not been marked @Optional or defined
in C:\Users\Intense\AppData\Local\Temp\testng-eclipse--1070552889\testng-customsuite.xml">
      <![CDATA[org.testng.TestNGException: 
Parameter 'accountTypeSms' is required by @Test on method createSMSAccount but has not been marked @Optional or defined
in C:\Users\Intense\AppData\Local\Temp\testng-eclipse--1070552889\testng-customsuite.xml
at org.testng.internal.Parameters.createParams(Parameters.java:267)
at org.testng.internal.Parameters.createParametersForMethod(Parameters.java:355)
at org.testng.internal.Parameters.createParameters(Parameters.java:684)
at org.testng.internal.Parameters.handleParameters(Parameters.java:879)
at org.testng.internal.Parameters.handleParameters(Parameters.java:728)
at org.testng.internal.invokers.ParameterHandler.handleParameters(ParameterHandler.java:72)
at org.testng.internal.invokers.ParameterHandler.createParameters(ParameterHandler.java:51)
at org.testng.internal.invokers.TestInvoker$MethodInvocationAgent.invoke(TestInvoker.java:911)
at org.testng.internal.invokers.TestInvoker.invokeTestMethods(TestInvoker.java:200)
at org.testng.internal.invokers.TestMethodWorker.invokeTestMethods(TestMethodWorker.java:148)
at org.testng.internal.invokers.TestMethodWorker.run(TestMethodWorker.java:128)
at java.base/java.util.ArrayList.forEach(ArrayList.java:1511)
at org.testng.TestRunner.privateRun(TestRunner.java:848)
at org.testng.TestRunner.run(TestRunner.java:621)
at org.testng.SuiteRunner.runTest(SuiteRunner.java:443)
at org.testng.SuiteRunner.runSequentially(SuiteRunner.java:437)
at org.testng.SuiteRunner.privateRun(SuiteRunner.java:397)
at org.testng.SuiteRunner.run(SuiteRunner.java:336)
at org.testng.SuiteRunnerWorker.runSuite(SuiteRunnerWorker.java:52)
at org.testng.SuiteRunnerWorker.run(SuiteRunnerWorker.java:95)
at org.testng.TestNG.runSuitesSequentially(TestNG.java:1280)
at org.testng.TestNG.runSuitesLocally(TestNG.java:1200)
at org.testng.TestNG.runSuites(TestNG.java:1114)
at org.testng.TestNG.run(TestNG.java:1082)
at org.testng.remote.AbstractRemoteTestNG.run(AbstractRemoteTestNG.java:115)
at org.testng.remote.RemoteTestNG.initAndRun(RemoteTestNG.java:251)
at org.testng.remote.RemoteTestNG.main(RemoteTestNG.java:77)
]]>
    </failure>
  </testcase> <!-- createSMSAccount -->
  <testcase classname="com.rjio.testcases.AlertsAccountsTestcase" name="editSMSAccount" time="2.415"/>
  <testcase classname="com.rjio.testcases.AlertsAccountsTestcase" name="stopSMSAccount" time="0.032"/>
  <testcase classname="com.rjio.testcases.AlertsAccountsTestcase" name="startSMSAccount" time="0.016"/>
  <testcase classname="com.rjio.testcases.AlertsAccountsTestcase" name="deleteSMSAccount" time="0.016"/>
  <testcase classname="com.rjio.testcases.AlertsAccountsTestcase" name="createEmailAccount" time="0.0">
    <failure type="org.testng.TestNGException" message="
Parameter &amp;apos;accountTypeEmail&amp;apos; is required by @Test on method createEmailAccount but has not been marked @Optional or defined
in C:\Users\Intense\AppData\Local\Temp\testng-eclipse--1070552889\testng-customsuite.xml">
      <![CDATA[org.testng.TestNGException: 
Parameter 'accountTypeEmail' is required by @Test on method createEmailAccount but has not been marked @Optional or defined
in C:\Users\Intense\AppData\Local\Temp\testng-eclipse--1070552889\testng-customsuite.xml
at org.testng.internal.Parameters.createParams(Parameters.java:267)
at org.testng.internal.Parameters.createParametersForMethod(Parameters.java:355)
at org.testng.internal.Parameters.createParameters(Parameters.java:684)
at org.testng.internal.Parameters.handleParameters(Parameters.java:879)
at org.testng.internal.Parameters.handleParameters(Parameters.java:728)
at org.testng.internal.invokers.ParameterHandler.handleParameters(ParameterHandler.java:72)
at org.testng.internal.invokers.ParameterHandler.createParameters(ParameterHandler.java:51)
at org.testng.internal.invokers.TestInvoker$MethodInvocationAgent.invoke(TestInvoker.java:911)
at org.testng.internal.invokers.TestInvoker.invokeTestMethods(TestInvoker.java:200)
at org.testng.internal.invokers.TestMethodWorker.invokeTestMethods(TestMethodWorker.java:148)
at org.testng.internal.invokers.TestMethodWorker.run(TestMethodWorker.java:128)
at java.base/java.util.ArrayList.forEach(ArrayList.java:1511)
at org.testng.TestRunner.privateRun(TestRunner.java:848)
at org.testng.TestRunner.run(TestRunner.java:621)
at org.testng.SuiteRunner.runTest(SuiteRunner.java:443)
at org.testng.SuiteRunner.runSequentially(SuiteRunner.java:437)
at org.testng.SuiteRunner.privateRun(SuiteRunner.java:397)
at org.testng.SuiteRunner.run(SuiteRunner.java:336)
at org.testng.SuiteRunnerWorker.runSuite(SuiteRunnerWorker.java:52)
at org.testng.SuiteRunnerWorker.run(SuiteRunnerWorker.java:95)
at org.testng.TestNG.runSuitesSequentially(TestNG.java:1280)
at org.testng.TestNG.runSuitesLocally(TestNG.java:1200)
at org.testng.TestNG.runSuites(TestNG.java:1114)
at org.testng.TestNG.run(TestNG.java:1082)
at org.testng.remote.AbstractRemoteTestNG.run(AbstractRemoteTestNG.java:115)
at org.testng.remote.RemoteTestNG.initAndRun(RemoteTestNG.java:251)
at org.testng.remote.RemoteTestNG.main(RemoteTestNG.java:77)
]]>
    </failure>
  </testcase> <!-- createEmailAccount -->
  <testcase classname="com.rjio.testcases.AlertsAccountsTestcase" name="editEmailAccount" time="2.045"/>
  <testcase classname="com.rjio.testcases.AlertsAccountsTestcase" name="stopEmailAccount" time="0.03"/>
  <testcase classname="com.rjio.testcases.AlertsAccountsTestcase" name="startEmailAccount" time="0.012"/>
  <testcase classname="com.rjio.testcases.AlertsAccountsTestcase" name="deleteEmailAccount" time="0.016"/>
  <testcase classname="com.rjio.testcases.AlertsAccountsTestcase" name="createAMQPAccount" time="0.0">
    <failure type="org.testng.TestNGException" message="
Parameter &amp;apos;accountTypeAMQP&amp;apos; is required by @Test on method createAMQPAccount but has not been marked @Optional or defined
in C:\Users\Intense\AppData\Local\Temp\testng-eclipse--1070552889\testng-customsuite.xml">
      <![CDATA[org.testng.TestNGException: 
Parameter 'accountTypeAMQP' is required by @Test on method createAMQPAccount but has not been marked @Optional or defined
in C:\Users\Intense\AppData\Local\Temp\testng-eclipse--1070552889\testng-customsuite.xml
at org.testng.internal.Parameters.createParams(Parameters.java:267)
at org.testng.internal.Parameters.createParametersForMethod(Parameters.java:355)
at org.testng.internal.Parameters.createParameters(Parameters.java:684)
at org.testng.internal.Parameters.handleParameters(Parameters.java:879)
at org.testng.internal.Parameters.handleParameters(Parameters.java:728)
at org.testng.internal.invokers.ParameterHandler.handleParameters(ParameterHandler.java:72)
at org.testng.internal.invokers.ParameterHandler.createParameters(ParameterHandler.java:51)
at org.testng.internal.invokers.TestInvoker$MethodInvocationAgent.invoke(TestInvoker.java:911)
at org.testng.internal.invokers.TestInvoker.invokeTestMethods(TestInvoker.java:200)
at org.testng.internal.invokers.TestMethodWorker.invokeTestMethods(TestMethodWorker.java:148)
at org.testng.internal.invokers.TestMethodWorker.run(TestMethodWorker.java:128)
at java.base/java.util.ArrayList.forEach(ArrayList.java:1511)
at org.testng.TestRunner.privateRun(TestRunner.java:848)
at org.testng.TestRunner.run(TestRunner.java:621)
at org.testng.SuiteRunner.runTest(SuiteRunner.java:443)
at org.testng.SuiteRunner.runSequentially(SuiteRunner.java:437)
at org.testng.SuiteRunner.privateRun(SuiteRunner.java:397)
at org.testng.SuiteRunner.run(SuiteRunner.java:336)
at org.testng.SuiteRunnerWorker.runSuite(SuiteRunnerWorker.java:52)
at org.testng.SuiteRunnerWorker.run(SuiteRunnerWorker.java:95)
at org.testng.TestNG.runSuitesSequentially(TestNG.java:1280)
at org.testng.TestNG.runSuitesLocally(TestNG.java:1200)
at org.testng.TestNG.runSuites(TestNG.java:1114)
at org.testng.TestNG.run(TestNG.java:1082)
at org.testng.remote.AbstractRemoteTestNG.run(AbstractRemoteTestNG.java:115)
at org.testng.remote.RemoteTestNG.initAndRun(RemoteTestNG.java:251)
at org.testng.remote.RemoteTestNG.main(RemoteTestNG.java:77)
]]>
    </failure>
  </testcase> <!-- createAMQPAccount -->
  <testcase classname="com.rjio.testcases.AlertsAccountsTestcase" name="editAMQPAccount" time="4.574"/>
  <testcase classname="com.rjio.testcases.AlertsAccountsTestcase" name="stopAMQPAccount" time="0.016"/>
  <testcase classname="com.rjio.testcases.AlertsAccountsTestcase" name="startAMQPAccount" time="0.016"/>
  <testcase classname="com.rjio.testcases.AlertsAccountsTestcase" name="deleteAMQPAccount" time="0.012"/>
</testsuite> <!-- Default test -->
